#
# There is insufficient memory for the Java Runtime Environment to continue.
# Native memory allocation (malloc) failed to allocate 434912 bytes. Error detail: Chunk::new
# Possible reasons:
#   The system is out of physical RAM or swap space
#   This process is running with CompressedOops enabled, and the Java Heap may be blocking the growth of the native heap
# Possible solutions:
#   Reduce memory load on the system
#   Increase physical memory or swap space
#   Check if swap backing store is full
#   Decrease Java heap size (-Xmx/-Xms)
#   Decrease number of Java threads
#   Decrease Java thread stack sizes (-Xss)
#   Set larger code cache with -XX:ReservedCodeCacheSize=
#   JVM is running with Unscaled Compressed Oops mode in which the Java heap is
#     placed in the first 4GB address space. The Java Heap base address is the
#     maximum limit for the native heap growth. Please use -XX:HeapBaseMinAddress
#     to set the Java Heap base and to place the Java Heap above 4GB virtual address.
# This output file may be truncated or incomplete.
#
#  Out of Memory Error (arena.cpp:168), pid=36192, tid=37328
#
# JRE version: OpenJDK Runtime Environment Temurin-21.0.7+6 (21.0.7+6) (build 21.0.7+6-LTS)
# Java VM: OpenJDK 64-Bit Server VM Temurin-21.0.7+6 (21.0.7+6-LTS, mixed mode, sharing, tiered, compressed oops, compressed class ptrs, parallel gc, windows-amd64)
# No core dump will be written. Minidumps are not enabled by default on client versions of Windows
#

---------------  S U M M A R Y ------------

Command Line: --add-modules=ALL-SYSTEM --add-opens=java.base/java.util=ALL-UNNAMED --add-opens=java.base/java.lang=ALL-UNNAMED --add-opens=java.base/sun.nio.fs=ALL-UNNAMED -Declipse.application=org.eclipse.jdt.ls.core.id1 -Dosgi.bundles.defaultStartLevel=4 -Declipse.product=org.eclipse.jdt.ls.core.product -Djava.import.generatesMetadataFilesAtProjectRoot=false -DDetectVMInstallationsJob.disabled=true -Dfile.encoding=utf8 -XX:+UseParallelGC -XX:GCTimeRatio=4 -XX:AdaptiveSizePolicyWeight=90 -Dsun.zip.disableMemoryMapping=true -Xmx1G -Xms100m -Xlog:disable -javaagent:c:\Users\PC\.vscode\extensions\redhat.java-1.42.0-win32-x64\lombok\lombok-1.18.36.jar c:\Users\PC\.vscode\extensions\redhat.java-1.42.0-win32-x64\server\plugins\org.eclipse.equinox.launcher_1.7.0.v20250424-1814.jar -configuration c:\Users\PC\AppData\Roaming\Code\User\globalStorage\redhat.java\1.42.0\config_ss_win -data c:\Users\PC\AppData\Roaming\Code\User\workspaceStorage\8fd02a71971e5093be23625b1f244b61\redhat.java\ss_ws --pipe=\\.\pipe\lsp-f0be90b9c5599fee022a806eda172c0a-sock

Host: 12th Gen Intel(R) Core(TM) i7-1260P, 16 cores, 15G,  Windows 11 , 64 bit Build 26100 (10.0.26100.3323)
Time: Thu May 22 23:43:20 2025 Morocco Daylight Time elapsed time: 9.911685 seconds (0d 0h 0m 9s)

---------------  T H R E A D  ---------------

Current thread (0x00000268ed8d5ef0):  JavaThread "C2 CompilerThread0" daemon [_thread_in_native, id=37328, stack(0x00000086e0e00000,0x00000086e0f00000) (1024K)]


Current CompileTask:
C2:9911 3243       4       java.lang.Object::toString (36 bytes)

Stack: [0x00000086e0e00000,0x00000086e0f00000]
Native frames: (J=compiled Java code, j=interpreted, Vv=VM code, C=native code)
V  [jvm.dll+0x6ce119]
V  [jvm.dll+0x8a84a1]
V  [jvm.dll+0x8aa9ce]
V  [jvm.dll+0x8ab0b3]
V  [jvm.dll+0x27f8a6]
V  [jvm.dll+0xc507d]
V  [jvm.dll+0xc55b3]
V  [jvm.dll+0x3b692c]
V  [jvm.dll+0x382aa5]
V  [jvm.dll+0x381f0a]
V  [jvm.dll+0x247af0]
V  [jvm.dll+0x2470cf]
V  [jvm.dll+0x1c760e]
V  [jvm.dll+0x25695a]
V  [jvm.dll+0x254efa]
V  [jvm.dll+0x3f03f6]
V  [jvm.dll+0x851f6b]
V  [jvm.dll+0x6cc7dd]
C  [ucrtbase.dll+0x37b0]
C  [KERNEL32.DLL+0x2e8d7]
C  [ntdll.dll+0xbbf6c]


---------------  P R O C E S S  ---------------

Threads class SMR info:
_java_thread_list=0x00000268f43d59f0, length=39, elements={
0x0000026896d96510, 0x00000268ed8b83b0, 0x00000268ec1fda50, 0x00000268ed8bc6c0,
0x00000268ed8c0520, 0x00000268ed8bfe90, 0x00000268ed8c25f0, 0x00000268ed8d5ef0,
0x00000268ed8e4e70, 0x00000268ed8bf170, 0x00000268ed8c1240, 0x00000268ed8c18d0,
0x00000268ed8c1f60, 0x00000268ed8c0bb0, 0x00000268ed8bf800, 0x00000268f3999820,
0x00000268f3999eb0, 0x00000268f399a540, 0x00000268f399abd0, 0x00000268f3998b00,
0x00000268f399b8f0, 0x00000268f399b260, 0x00000268f399bf80, 0x00000268f399c610,
0x00000268f3999190, 0x00000268f399fa90, 0x00000268f39a0120, 0x00000268f399cca0,
0x00000268f399d330, 0x00000268f399f400, 0x00000268f399d9c0, 0x00000268f399e050,
0x00000268f399ed70, 0x00000268ed8e7e20, 0x00000268f399e6e0, 0x00000268f4f5e170,
0x00000268f4f5d450, 0x00000268f4f5e800, 0x00000268f4f5ee90
}

Java Threads: ( => current thread )
  0x0000026896d96510 JavaThread "main"                              [_thread_in_vm, id=24052, stack(0x00000086e0400000,0x00000086e0500000) (1024K)]
  0x00000268ed8b83b0 JavaThread "Reference Handler"          daemon [_thread_blocked, id=36336, stack(0x00000086e0800000,0x00000086e0900000) (1024K)]
  0x00000268ec1fda50 JavaThread "Finalizer"                  daemon [_thread_blocked, id=17364, stack(0x00000086e0900000,0x00000086e0a00000) (1024K)]
  0x00000268ed8bc6c0 JavaThread "Signal Dispatcher"          daemon [_thread_blocked, id=11232, stack(0x00000086e0a00000,0x00000086e0b00000) (1024K)]
  0x00000268ed8c0520 JavaThread "Attach Listener"            daemon [_thread_blocked, id=21116, stack(0x00000086e0b00000,0x00000086e0c00000) (1024K)]
  0x00000268ed8bfe90 JavaThread "Service Thread"             daemon [_thread_blocked, id=26692, stack(0x00000086e0c00000,0x00000086e0d00000) (1024K)]
  0x00000268ed8c25f0 JavaThread "Monitor Deflation Thread"   daemon [_thread_blocked, id=36368, stack(0x00000086e0d00000,0x00000086e0e00000) (1024K)]
=>0x00000268ed8d5ef0 JavaThread "C2 CompilerThread0"         daemon [_thread_in_native, id=37328, stack(0x00000086e0e00000,0x00000086e0f00000) (1024K)]
  0x00000268ed8e4e70 JavaThread "C1 CompilerThread0"         daemon [_thread_blocked, id=24068, stack(0x00000086e0f00000,0x00000086e1000000) (1024K)]
  0x00000268ed8bf170 JavaThread "Common-Cleaner"             daemon [_thread_blocked, id=2760, stack(0x00000086e1000000,0x00000086e1100000) (1024K)]
  0x00000268ed8c1240 JavaThread "Notification Thread"        daemon [_thread_blocked, id=37464, stack(0x00000086e1300000,0x00000086e1400000) (1024K)]
  0x00000268ed8c18d0 JavaThread "Active Thread: Equinox Container: cb9d4af4-40e2-4eda-956f-5fc2d32b93c8"        [_thread_blocked, id=37372, stack(0x00000086e1c00000,0x00000086e1d00000) (1024K)]
  0x00000268ed8c1f60 JavaThread "Framework Event Dispatcher: Equinox Container: cb9d4af4-40e2-4eda-956f-5fc2d32b93c8" daemon [_thread_blocked, id=7940, stack(0x00000086e1d00000,0x00000086e1e00000) (1024K)]
  0x00000268ed8c0bb0 JavaThread "Start Level: Equinox Container: cb9d4af4-40e2-4eda-956f-5fc2d32b93c8" daemon [_thread_blocked, id=36624, stack(0x00000086e1f00000,0x00000086e2000000) (1024K)]
  0x00000268ed8bf800 JavaThread "SCR Component Actor"        daemon [_thread_blocked, id=30852, stack(0x00000086e2000000,0x00000086e2100000) (1024K)]
  0x00000268f3999820 JavaThread "SCR Component Registry"     daemon [_thread_blocked, id=34124, stack(0x00000086e1400000,0x00000086e1500000) (1024K)]
  0x00000268f3999eb0 JavaThread "Worker-JM"                         [_thread_blocked, id=36088, stack(0x00000086e2200000,0x00000086e2300000) (1024K)]
  0x00000268f399a540 JavaThread "Worker-0: Initialize After Load"        [_thread_in_vm, id=33588, stack(0x00000086e2100000,0x00000086e2200000) (1024K)]
  0x00000268f399abd0 JavaThread "Worker-1"                          [_thread_blocked, id=34884, stack(0x00000086e2600000,0x00000086e2700000) (1024K)]
  0x00000268f3998b00 JavaThread "JNA Cleaner"                daemon [_thread_blocked, id=33088, stack(0x00000086e1b00000,0x00000086e1c00000) (1024K)]
  0x00000268f399b8f0 JavaThread "Thread-2"                   daemon [_thread_in_native, id=9960, stack(0x00000086e2a00000,0x00000086e2b00000) (1024K)]
  0x00000268f399b260 JavaThread "Thread-3"                   daemon [_thread_in_native, id=37944, stack(0x00000086e2b00000,0x00000086e2c00000) (1024K)]
  0x00000268f399bf80 JavaThread "Thread-4"                   daemon [_thread_in_native, id=22908, stack(0x00000086e2c00000,0x00000086e2d00000) (1024K)]
  0x00000268f399c610 JavaThread "Thread-5"                   daemon [_thread_in_native, id=12504, stack(0x00000086e2d00000,0x00000086e2e00000) (1024K)]
  0x00000268f3999190 JavaThread "Thread-6"                   daemon [_thread_in_native, id=21044, stack(0x00000086e2e00000,0x00000086e2f00000) (1024K)]
  0x00000268f399fa90 JavaThread "Thread-7"                   daemon [_thread_in_native, id=28524, stack(0x00000086e2f00000,0x00000086e3000000) (1024K)]
  0x00000268f39a0120 JavaThread "Thread-8"                   daemon [_thread_in_native, id=25764, stack(0x00000086e3000000,0x00000086e3100000) (1024K)]
  0x00000268f399cca0 JavaThread "Thread-9"                   daemon [_thread_in_native, id=15492, stack(0x00000086e3100000,0x00000086e3200000) (1024K)]
  0x00000268f399d330 JavaThread "Thread-10"                  daemon [_thread_in_native, id=12020, stack(0x00000086e3200000,0x00000086e3300000) (1024K)]
  0x00000268f399f400 JavaThread "Worker-2"                          [_thread_blocked, id=18184, stack(0x00000086e3300000,0x00000086e3400000) (1024K)]
  0x00000268f399d9c0 JavaThread "Thread-11"                  daemon [_thread_in_native, id=16648, stack(0x00000086e3400000,0x00000086e3500000) (1024K)]
  0x00000268f399e050 JavaThread "Thread-12"                  daemon [_thread_in_native, id=30432, stack(0x00000086e3500000,0x00000086e3600000) (1024K)]
  0x00000268f399ed70 JavaThread "Thread-13"                  daemon [_thread_in_native, id=36404, stack(0x00000086e3700000,0x00000086e3800000) (1024K)]
  0x00000268ed8e7e20 JavaThread "C2 CompilerThread1"         daemon [_thread_blocked, id=21064, stack(0x00000086e3600000,0x00000086e3700000) (1024K)]
  0x00000268f399e6e0 JavaThread "Thread-14"                  daemon [_thread_in_native, id=24008, stack(0x00000086e3800000,0x00000086e3900000) (1024K)]
  0x00000268f4f5e170 JavaThread "Thread-15"                  daemon [_thread_in_native, id=7104, stack(0x00000086e3900000,0x00000086e3a00000) (1024K)]
  0x00000268f4f5d450 JavaThread "Thread-16"                  daemon [_thread_in_native, id=34916, stack(0x00000086e3a00000,0x00000086e3b00000) (1024K)]
  0x00000268f4f5e800 JavaThread "Thread-17"                  daemon [_thread_in_native, id=23828, stack(0x00000086e3b00000,0x00000086e3c00000) (1024K)]
  0x00000268f4f5ee90 JavaThread "Thread-18"                  daemon [_thread_in_native, id=27628, stack(0x00000086e3c00000,0x00000086e3d00000) (1024K)]
Total: 39

Other Threads:
  0x00000268ed8b22c0 VMThread "VM Thread"                           [id=3948, stack(0x00000086e0700000,0x00000086e0800000) (1024K)]
  0x00000268ec0dca00 WatcherThread "VM Periodic Task Thread"        [id=26344, stack(0x00000086e0600000,0x00000086e0700000) (1024K)]
  0x0000026896db39d0 WorkerThread "GC Thread#0"                     [id=25132, stack(0x00000086e0500000,0x00000086e0600000) (1024K)]
  0x00000268f36a0440 WorkerThread "GC Thread#1"                     [id=14008, stack(0x00000086e1500000,0x00000086e1600000) (1024K)]
  0x00000268f35f3de0 WorkerThread "GC Thread#2"                     [id=14612, stack(0x00000086e1600000,0x00000086e1700000) (1024K)]
  0x00000268f35f7610 WorkerThread "GC Thread#3"                     [id=29452, stack(0x00000086e1700000,0x00000086e1800000) (1024K)]
  0x00000268f3186a90 WorkerThread "GC Thread#4"                     [id=17864, stack(0x00000086e1800000,0x00000086e1900000) (1024K)]
  0x00000268f3186e30 WorkerThread "GC Thread#5"                     [id=22272, stack(0x00000086e1900000,0x00000086e1a00000) (1024K)]
  0x00000268f384a160 WorkerThread "GC Thread#6"                     [id=37000, stack(0x00000086e1a00000,0x00000086e1b00000) (1024K)]
  0x00000268f3705af0 WorkerThread "GC Thread#7"                     [id=17196, stack(0x00000086e1e00000,0x00000086e1f00000) (1024K)]
  0x00000268f3aaf720 WorkerThread "GC Thread#8"                     [id=12704, stack(0x00000086e2300000,0x00000086e2400000) (1024K)]
  0x00000268f3aafac0 WorkerThread "GC Thread#9"                     [id=24680, stack(0x00000086e2400000,0x00000086e2500000) (1024K)]
  0x00000268f3aafe60 WorkerThread "GC Thread#10"                    [id=32372, stack(0x00000086e2500000,0x00000086e2600000) (1024K)]
  0x00000268f3ab05a0 WorkerThread "GC Thread#11"                    [id=37748, stack(0x00000086e2800000,0x00000086e2900000) (1024K)]
  0x00000268f3ab0ce0 WorkerThread "GC Thread#12"                    [id=37564, stack(0x00000086e2900000,0x00000086e2a00000) (1024K)]
Total: 15

Threads with active compile tasks:
C2 CompilerThread0  9959 3243       4       java.lang.Object::toString (36 bytes)
Total: 1

VM state: not at safepoint (normal execution)

VM Mutex/Monitor currently owned by a thread:  ([mutex/lock_event])
[0x00007fff981ac308] Metaspace_lock - owner thread: 0x00000268f399a540

Heap address: 0x00000000c0000000, size: 1024 MB, Compressed Oops mode: 32-bit

CDS archive(s) mapped at: [0x00000268ab000000-0x00000268abba0000-0x00000268abba0000), size 12189696, SharedBaseAddress: 0x00000268ab000000, ArchiveRelocationMode: 1.
Compressed class space mapped at: 0x00000268ac000000-0x00000268ec000000, reserved size: 1073741824
Narrow klass base: 0x00000268ab000000, Narrow klass shift: 0, Narrow klass range: 0x100000000

GC Precious Log:
 CardTable entry size: 512
 CPUs: 16 total, 16 available
 Memory: 16083M
 Large Page Support: Disabled
 NUMA Support: Disabled
 Compressed Oops: Enabled (32-bit)
 Alignments: Space 512K, Generation 512K, Heap 2M
 Heap Min Capacity: 100M
 Heap Initial Capacity: 100M
 Heap Max Capacity: 1G
 Pre-touch: Disabled
 Parallel Workers: 13

Heap:
 PSYoungGen      total 27648K, used 6129K [0x00000000eab00000, 0x00000000ecb00000, 0x0000000100000000)
  eden space 24576K, 14% used [0x00000000eab00000,0x00000000eae6d180,0x00000000ec300000)
  from space 3072K, 85% used [0x00000000ec380000,0x00000000ec60f288,0x00000000ec680000)
  to   space 4096K, 0% used [0x00000000ec700000,0x00000000ec700000,0x00000000ecb00000)
 ParOldGen       total 68608K, used 9819K [0x00000000c0000000, 0x00000000c4300000, 0x00000000eab00000)
  object space 68608K, 14% used [0x00000000c0000000,0x00000000c0996db0,0x00000000c4300000)
 Metaspace       used 25538K, committed 26240K, reserved 1114112K
  class space    used 2424K, committed 2752K, reserved 1048576K

Card table byte_map: [0x0000026896730000,0x0000026896940000] _byte_map_base: 0x0000026896130000

Marking Bits: (ParMarkBitMap*) 0x00007fff981b31f0
 Begin Bits: [0x00000268a8f80000, 0x00000268a9f80000)
 End Bits:   [0x00000268a9f80000, 0x00000268aaf80000)

Polling page: 0x0000026894d20000

Metaspace:

Usage:
  Non-class:     22.57 MB used.
      Class:      2.37 MB used.
       Both:     24.94 MB used.

Virtual space:
  Non-class space:       64.00 MB reserved,      22.94 MB ( 36%) committed,  1 nodes.
      Class space:        1.00 GB reserved,       2.69 MB ( <1%) committed,  1 nodes.
             Both:        1.06 GB reserved,      25.62 MB (  2%) committed. 

Chunk freelists:
   Non-Class:  8.11 MB
       Class:  13.31 MB
        Both:  21.42 MB

MaxMetaspaceSize: unlimited
CompressedClassSpaceSize: 1.00 GB
Initial GC threshold: 21.00 MB
Current GC threshold: 35.00 MB
CDS: on
 - commit_granule_bytes: 65536.
 - commit_granule_words: 8192.
 - virtual_space_node_default_size: 8388608.
 - enlarge_chunks_in_place: 1.
 - use_allocation_guard: 0.


Internal statistics:

num_allocs_failed_limit: 3.
num_arena_births: 534.
num_arena_deaths: 14.
num_vsnodes_births: 2.
num_vsnodes_deaths: 0.
num_space_committed: 410.
num_space_uncommitted: 0.
num_chunks_returned_to_freelist: 17.
num_chunks_taken_from_freelist: 1441.
num_chunk_merges: 9.
num_chunk_splits: 971.
num_chunks_enlarged: 642.
num_inconsistent_stats: 0.

CodeHeap 'non-profiled nmethods': size=119168Kb used=1408Kb max_used=1408Kb free=117759Kb
 bounds [0x00000268a1b20000, 0x00000268a1d90000, 0x00000268a8f80000]
CodeHeap 'profiled nmethods': size=119104Kb used=6565Kb max_used=6565Kb free=112538Kb
 bounds [0x0000026899f80000, 0x000002689a5f0000, 0x00000268a13d0000]
CodeHeap 'non-nmethods': size=7488Kb used=1331Kb max_used=3038Kb free=6156Kb
 bounds [0x00000268a13d0000, 0x00000268a16d0000, 0x00000268a1b20000]
 total_blobs=3883 nmethods=3264 adapters=525
 compilation: enabled
              stopped_count=0, restarted_count=0
 full_count=0

Compilation events (20 events):
Event: 9.833 Thread 0x00000268ed8e4e70 nmethod 3239 0x00000268a1c7cc90 code [0x00000268a1c7ce20, 0x00000268a1c7cfa8]
Event: 9.838 Thread 0x00000268ed8d5ef0 3241       4       org.eclipse.osgi.storage.bundlefile.ZipBundleFile$1::hasNext (10 bytes)
Event: 9.840 Thread 0x00000268ed8d5ef0 nmethod 3241 0x00000268a1c7d410 code [0x00000268a1c7d5a0, 0x00000268a1c7d678]
Event: 9.840 Thread 0x00000268ed8d5ef0 3242       4       org.eclipse.osgi.storage.bundlefile.ZipBundleFile$1::next (5 bytes)
Event: 9.849 Thread 0x00000268ed8d5ef0 nmethod 3242 0x00000268a1c7d790 code [0x00000268a1c7d960, 0x00000268a1c7de78]
Event: 9.849 Thread 0x00000268ed8d5ef0 3243       4       java.lang.Object::toString (36 bytes)
Event: 9.889 Thread 0x00000268ed8e4e70 3246   !   3       java.lang.ref.ReferenceQueue::remove (61 bytes)
Event: 9.890 Thread 0x00000268ed8e4e70 nmethod 3246 0x000002689a5e3710 code [0x000002689a5e39a0, 0x000002689a5e4528]
Event: 9.890 Thread 0x00000268ed8e4e70 3247       3       java.lang.ref.ReferenceQueue::remove0 (64 bytes)
Event: 9.891 Thread 0x00000268ed8e4e70 nmethod 3247 0x000002689a5e4910 code [0x000002689a5e4b20, 0x000002689a5e4fa0]
Event: 9.891 Thread 0x00000268ed8e4e70 3248   !   3       jdk.internal.ref.PhantomCleanable::isListEmpty (34 bytes)
Event: 9.892 Thread 0x00000268ed8e4e70 nmethod 3248 0x000002689a5e5110 code [0x000002689a5e52c0, 0x000002689a5e5518]
Event: 9.892 Thread 0x00000268ed8e4e70 3249       3       jdk.internal.misc.InnocuousThread::eraseThreadLocals (23 bytes)
Event: 9.892 Thread 0x00000268ed8e4e70 nmethod 3249 0x000002689a5e5610 code [0x000002689a5e57a0, 0x000002689a5e5908]
Event: 9.892 Thread 0x00000268ed8e4e70 3250       3       java.lang.invoke.MethodHandleNatives$CallSiteContext::run (5 bytes)
Event: 9.893 Thread 0x00000268ed8e4e70 nmethod 3250 0x000002689a5e5990 code [0x000002689a5e5b40, 0x000002689a5e5c78]
Event: 9.908 Thread 0x00000268ed8e4e70 3253       3       java.lang.invoke.MemberName::getFactory (4 bytes)
Event: 9.908 Thread 0x00000268ed8e4e70 nmethod 3253 0x000002689a5e5d10 code [0x000002689a5e5ea0, 0x000002689a5e5f98]
Event: 9.908 Thread 0x00000268ed8e4e70 3254       3       jdk.internal.org.objectweb.asm.Type::getSort (19 bytes)
Event: 9.909 Thread 0x00000268ed8e4e70 nmethod 3254 0x000002689a5e6010 code [0x000002689a5e61a0, 0x000002689a5e62f0]

GC Heap History (16 events):
Event: 2.666 GC heap before
{Heap before GC invocations=1 (full 0):
 PSYoungGen      total 29696K, used 25600K [0x00000000eab00000, 0x00000000ecc00000, 0x0000000100000000)
  eden space 25600K, 100% used [0x00000000eab00000,0x00000000ec400000,0x00000000ec400000)
  from space 4096K, 0% used [0x00000000ec800000,0x00000000ec800000,0x00000000ecc00000)
  to   space 4096K, 0% used [0x00000000ec400000,0x00000000ec400000,0x00000000ec800000)
 ParOldGen       total 68608K, used 0K [0x00000000c0000000, 0x00000000c4300000, 0x00000000eab00000)
  object space 68608K, 0% used [0x00000000c0000000,0x00000000c0000000,0x00000000c4300000)
 Metaspace       used 4180K, committed 4480K, reserved 1114112K
  class space    used 447K, committed 576K, reserved 1048576K
}
Event: 2.697 GC heap after
{Heap after GC invocations=1 (full 0):
 PSYoungGen      total 29696K, used 3966K [0x00000000eab00000, 0x00000000ecc00000, 0x0000000100000000)
  eden space 25600K, 0% used [0x00000000eab00000,0x00000000eab00000,0x00000000ec400000)
  from space 4096K, 96% used [0x00000000ec400000,0x00000000ec7dfbd0,0x00000000ec800000)
  to   space 4096K, 0% used [0x00000000ec800000,0x00000000ec800000,0x00000000ecc00000)
 ParOldGen       total 68608K, used 16K [0x00000000c0000000, 0x00000000c4300000, 0x00000000eab00000)
  object space 68608K, 0% used [0x00000000c0000000,0x00000000c0004000,0x00000000c4300000)
 Metaspace       used 4180K, committed 4480K, reserved 1114112K
  class space    used 447K, committed 576K, reserved 1048576K
}
Event: 4.370 GC heap before
{Heap before GC invocations=2 (full 0):
 PSYoungGen      total 29696K, used 29566K [0x00000000eab00000, 0x00000000ecc00000, 0x0000000100000000)
  eden space 25600K, 100% used [0x00000000eab00000,0x00000000ec400000,0x00000000ec400000)
  from space 4096K, 96% used [0x00000000ec400000,0x00000000ec7dfbd0,0x00000000ec800000)
  to   space 4096K, 0% used [0x00000000ec800000,0x00000000ec800000,0x00000000ecc00000)
 ParOldGen       total 68608K, used 16K [0x00000000c0000000, 0x00000000c4300000, 0x00000000eab00000)
  object space 68608K, 0% used [0x00000000c0000000,0x00000000c0004000,0x00000000c4300000)
 Metaspace       used 8051K, committed 8384K, reserved 1114112K
  class space    used 809K, committed 960K, reserved 1048576K
}
Event: 4.384 GC heap after
{Heap after GC invocations=2 (full 0):
 PSYoungGen      total 29696K, used 4070K [0x00000000eab00000, 0x00000000ecc00000, 0x0000000100000000)
  eden space 25600K, 0% used [0x00000000eab00000,0x00000000eab00000,0x00000000ec400000)
  from space 4096K, 99% used [0x00000000ec800000,0x00000000ecbf9870,0x00000000ecc00000)
  to   space 4096K, 0% used [0x00000000ec400000,0x00000000ec400000,0x00000000ec800000)
 ParOldGen       total 68608K, used 816K [0x00000000c0000000, 0x00000000c4300000, 0x00000000eab00000)
  object space 68608K, 1% used [0x00000000c0000000,0x00000000c00cc2f8,0x00000000c4300000)
 Metaspace       used 8051K, committed 8384K, reserved 1114112K
  class space    used 809K, committed 960K, reserved 1048576K
}
Event: 5.522 GC heap before
{Heap before GC invocations=3 (full 0):
 PSYoungGen      total 29696K, used 29670K [0x00000000eab00000, 0x00000000ecc00000, 0x0000000100000000)
  eden space 25600K, 100% used [0x00000000eab00000,0x00000000ec400000,0x00000000ec400000)
  from space 4096K, 99% used [0x00000000ec800000,0x00000000ecbf9870,0x00000000ecc00000)
  to   space 4096K, 0% used [0x00000000ec400000,0x00000000ec400000,0x00000000ec800000)
 ParOldGen       total 68608K, used 816K [0x00000000c0000000, 0x00000000c4300000, 0x00000000eab00000)
  object space 68608K, 1% used [0x00000000c0000000,0x00000000c00cc2f8,0x00000000c4300000)
 Metaspace       used 12845K, committed 13312K, reserved 1114112K
  class space    used 1307K, committed 1536K, reserved 1048576K
}
Event: 5.535 GC heap after
{Heap after GC invocations=3 (full 0):
 PSYoungGen      total 29696K, used 4079K [0x00000000eab00000, 0x00000000ecc00000, 0x0000000100000000)
  eden space 25600K, 0% used [0x00000000eab00000,0x00000000eab00000,0x00000000ec400000)
  from space 4096K, 99% used [0x00000000ec400000,0x00000000ec7fbdd0,0x00000000ec800000)
  to   space 4096K, 0% used [0x00000000ec800000,0x00000000ec800000,0x00000000ecc00000)
 ParOldGen       total 68608K, used 2514K [0x00000000c0000000, 0x00000000c4300000, 0x00000000eab00000)
  object space 68608K, 3% used [0x00000000c0000000,0x00000000c0274b68,0x00000000c4300000)
 Metaspace       used 12845K, committed 13312K, reserved 1114112K
  class space    used 1307K, committed 1536K, reserved 1048576K
}
Event: 6.679 GC heap before
{Heap before GC invocations=4 (full 0):
 PSYoungGen      total 29696K, used 29675K [0x00000000eab00000, 0x00000000ecc00000, 0x0000000100000000)
  eden space 25600K, 99% used [0x00000000eab00000,0x00000000ec3feee0,0x00000000ec400000)
  from space 4096K, 99% used [0x00000000ec400000,0x00000000ec7fbdd0,0x00000000ec800000)
  to   space 4096K, 0% used [0x00000000ec800000,0x00000000ec800000,0x00000000ecc00000)
 ParOldGen       total 68608K, used 2514K [0x00000000c0000000, 0x00000000c4300000, 0x00000000eab00000)
  object space 68608K, 3% used [0x00000000c0000000,0x00000000c0274b68,0x00000000c4300000)
 Metaspace       used 16205K, committed 16768K, reserved 1114112K
  class space    used 1631K, committed 1856K, reserved 1048576K
}
Event: 6.695 GC heap after
{Heap after GC invocations=4 (full 0):
 PSYoungGen      total 29696K, used 4091K [0x00000000eab00000, 0x00000000ecc00000, 0x0000000100000000)
  eden space 25600K, 0% used [0x00000000eab00000,0x00000000eab00000,0x00000000ec400000)
  from space 4096K, 99% used [0x00000000ec800000,0x00000000ecbfeed0,0x00000000ecc00000)
  to   space 4096K, 0% used [0x00000000ec400000,0x00000000ec400000,0x00000000ec800000)
 ParOldGen       total 68608K, used 4741K [0x00000000c0000000, 0x00000000c4300000, 0x00000000eab00000)
  object space 68608K, 6% used [0x00000000c0000000,0x00000000c04a17a0,0x00000000c4300000)
 Metaspace       used 16205K, committed 16768K, reserved 1114112K
  class space    used 1631K, committed 1856K, reserved 1048576K
}
Event: 7.282 GC heap before
{Heap before GC invocations=5 (full 0):
 PSYoungGen      total 29696K, used 29691K [0x00000000eab00000, 0x00000000ecc00000, 0x0000000100000000)
  eden space 25600K, 100% used [0x00000000eab00000,0x00000000ec400000,0x00000000ec400000)
  from space 4096K, 99% used [0x00000000ec800000,0x00000000ecbfeed0,0x00000000ecc00000)
  to   space 4096K, 0% used [0x00000000ec400000,0x00000000ec400000,0x00000000ec800000)
 ParOldGen       total 68608K, used 4741K [0x00000000c0000000, 0x00000000c4300000, 0x00000000eab00000)
  object space 68608K, 6% used [0x00000000c0000000,0x00000000c04a17a0,0x00000000c4300000)
 Metaspace       used 20058K, committed 20672K, reserved 1114112K
  class space    used 1909K, committed 2176K, reserved 1048576K
}
Event: 7.290 GC heap after
{Heap after GC invocations=5 (full 0):
 PSYoungGen      total 29184K, used 4080K [0x00000000eab00000, 0x00000000ece80000, 0x0000000100000000)
  eden space 25088K, 0% used [0x00000000eab00000,0x00000000eab00000,0x00000000ec380000)
  from space 4096K, 99% used [0x00000000ec400000,0x00000000ec7fc3b8,0x00000000ec800000)
  to   space 5632K, 0% used [0x00000000ec900000,0x00000000ec900000,0x00000000ece80000)
 ParOldGen       total 68608K, used 5769K [0x00000000c0000000, 0x00000000c4300000, 0x00000000eab00000)
  object space 68608K, 8% used [0x00000000c0000000,0x00000000c05a26f0,0x00000000c4300000)
 Metaspace       used 20058K, committed 20672K, reserved 1114112K
  class space    used 1909K, committed 2176K, reserved 1048576K
}
Event: 7.598 GC heap before
{Heap before GC invocations=6 (full 0):
 PSYoungGen      total 29184K, used 22839K [0x00000000eab00000, 0x00000000ece80000, 0x0000000100000000)
  eden space 25088K, 74% used [0x00000000eab00000,0x00000000ebd51c30,0x00000000ec380000)
  from space 4096K, 99% used [0x00000000ec400000,0x00000000ec7fc3b8,0x00000000ec800000)
  to   space 5632K, 0% used [0x00000000ec900000,0x00000000ec900000,0x00000000ece80000)
 ParOldGen       total 68608K, used 5769K [0x00000000c0000000, 0x00000000c4300000, 0x00000000eab00000)
  object space 68608K, 8% used [0x00000000c0000000,0x00000000c05a26f0,0x00000000c4300000)
 Metaspace       used 20892K, committed 21504K, reserved 1114112K
  class space    used 1954K, committed 2240K, reserved 1048576K
}
Event: 7.610 GC heap after
{Heap after GC invocations=6 (full 0):
 PSYoungGen      total 30720K, used 5265K [0x00000000eab00000, 0x00000000ece80000, 0x0000000100000000)
  eden space 25088K, 0% used [0x00000000eab00000,0x00000000eab00000,0x00000000ec380000)
  from space 5632K, 93% used [0x00000000ec900000,0x00000000ece244f8,0x00000000ece80000)
  to   space 5632K, 0% used [0x00000000ec380000,0x00000000ec380000,0x00000000ec900000)
 ParOldGen       total 68608K, used 6559K [0x00000000c0000000, 0x00000000c4300000, 0x00000000eab00000)
  object space 68608K, 9% used [0x00000000c0000000,0x00000000c0667c00,0x00000000c4300000)
 Metaspace       used 20892K, committed 21504K, reserved 1114112K
  class space    used 1954K, committed 2240K, reserved 1048576K
}
Event: 7.610 GC heap before
{Heap before GC invocations=7 (full 1):
 PSYoungGen      total 30720K, used 5265K [0x00000000eab00000, 0x00000000ece80000, 0x0000000100000000)
  eden space 25088K, 0% used [0x00000000eab00000,0x00000000eab00000,0x00000000ec380000)
  from space 5632K, 93% used [0x00000000ec900000,0x00000000ece244f8,0x00000000ece80000)
  to   space 5632K, 0% used [0x00000000ec380000,0x00000000ec380000,0x00000000ec900000)
 ParOldGen       total 68608K, used 6559K [0x00000000c0000000, 0x00000000c4300000, 0x00000000eab00000)
  object space 68608K, 9% used [0x00000000c0000000,0x00000000c0667c00,0x00000000c4300000)
 Metaspace       used 20892K, committed 21504K, reserved 1114112K
  class space    used 1954K, committed 2240K, reserved 1048576K
}
Event: 7.671 GC heap after
{Heap after GC invocations=7 (full 1):
 PSYoungGen      total 30720K, used 0K [0x00000000eab00000, 0x00000000ece80000, 0x0000000100000000)
  eden space 25088K, 0% used [0x00000000eab00000,0x00000000eab00000,0x00000000ec380000)
  from space 5632K, 0% used [0x00000000ec900000,0x00000000ec900000,0x00000000ece80000)
  to   space 5632K, 0% used [0x00000000ec380000,0x00000000ec380000,0x00000000ec900000)
 ParOldGen       total 68608K, used 9811K [0x00000000c0000000, 0x00000000c4300000, 0x00000000eab00000)
  object space 68608K, 14% used [0x00000000c0000000,0x00000000c0994db0,0x00000000c4300000)
 Metaspace       used 20879K, committed 21504K, reserved 1114112K
  class space    used 1951K, committed 2240K, reserved 1048576K
}
Event: 9.880 GC heap before
{Heap before GC invocations=8 (full 1):
 PSYoungGen      total 30720K, used 25088K [0x00000000eab00000, 0x00000000ece80000, 0x0000000100000000)
  eden space 25088K, 100% used [0x00000000eab00000,0x00000000ec380000,0x00000000ec380000)
  from space 5632K, 0% used [0x00000000ec900000,0x00000000ec900000,0x00000000ece80000)
  to   space 5632K, 0% used [0x00000000ec380000,0x00000000ec380000,0x00000000ec900000)
 ParOldGen       total 68608K, used 9811K [0x00000000c0000000, 0x00000000c4300000, 0x00000000eab00000)
  object space 68608K, 14% used [0x00000000c0000000,0x00000000c0994db0,0x00000000c4300000)
 Metaspace       used 25005K, committed 25664K, reserved 1114112K
  class space    used 2369K, committed 2624K, reserved 1048576K
}
Event: 9.888 GC heap after
{Heap after GC invocations=8 (full 1):
 PSYoungGen      total 27648K, used 2620K [0x00000000eab00000, 0x00000000ecb00000, 0x0000000100000000)
  eden space 24576K, 0% used [0x00000000eab00000,0x00000000eab00000,0x00000000ec300000)
  from space 3072K, 85% used [0x00000000ec380000,0x00000000ec60f288,0x00000000ec680000)
  to   space 4096K, 0% used [0x00000000ec700000,0x00000000ec700000,0x00000000ecb00000)
 ParOldGen       total 68608K, used 9819K [0x00000000c0000000, 0x00000000c4300000, 0x00000000eab00000)
  object space 68608K, 14% used [0x00000000c0000000,0x00000000c0996db0,0x00000000c4300000)
 Metaspace       used 25005K, committed 25664K, reserved 1114112K
  class space    used 2369K, committed 2624K, reserved 1048576K
}

Dll operation events (12 events):
Event: 0.029 Loaded shared library c:\Users\PC\.vscode\extensions\redhat.java-1.42.0-win32-x64\jre\21.0.7-win32-x86_64\bin\java.dll
Event: 0.190 Loaded shared library c:\Users\PC\.vscode\extensions\redhat.java-1.42.0-win32-x64\jre\21.0.7-win32-x86_64\bin\zip.dll
Event: 0.243 Loaded shared library C:\Users\PC\.vscode\extensions\redhat.java-1.42.0-win32-x64\jre\21.0.7-win32-x86_64\bin\instrument.dll
Event: 0.255 Loaded shared library C:\Users\PC\.vscode\extensions\redhat.java-1.42.0-win32-x64\jre\21.0.7-win32-x86_64\bin\net.dll
Event: 0.265 Loaded shared library C:\Users\PC\.vscode\extensions\redhat.java-1.42.0-win32-x64\jre\21.0.7-win32-x86_64\bin\nio.dll
Event: 0.276 Loaded shared library C:\Users\PC\.vscode\extensions\redhat.java-1.42.0-win32-x64\jre\21.0.7-win32-x86_64\bin\zip.dll
Event: 0.333 Loaded shared library C:\Users\PC\.vscode\extensions\redhat.java-1.42.0-win32-x64\jre\21.0.7-win32-x86_64\bin\jimage.dll
Event: 0.640 Loaded shared library c:\Users\PC\.vscode\extensions\redhat.java-1.42.0-win32-x64\jre\21.0.7-win32-x86_64\bin\verify.dll
Event: 4.451 Loaded shared library C:\Users\PC\AppData\Roaming\Code\User\globalStorage\redhat.java\1.42.0\config_ss_win\org.eclipse.equinox.launcher\org.eclipse.equinox.launcher.win32.win32.x86_64_1.2.1300.v20250331-1702\eclipse_11911.dll
Event: 5.720 Loaded shared library C:\Users\PC\.vscode\extensions\redhat.java-1.42.0-win32-x64\jre\21.0.7-win32-x86_64\bin\management.dll
Event: 5.730 Loaded shared library C:\Users\PC\.vscode\extensions\redhat.java-1.42.0-win32-x64\jre\21.0.7-win32-x86_64\bin\management_ext.dll
Event: 9.655 Loaded shared library C:\Users\PC\AppData\Local\Temp\jna-2547\jna35396393297321077.dll

Deoptimization events (20 events):
Event: 8.751 Thread 0x00000268ed8c0bb0 Uncommon trap: trap_request=0xffffff45 fr.pc=0x00000268a1c41d00 relative=0x0000000000000f20
Event: 8.751 Thread 0x00000268ed8c0bb0 Uncommon trap: reason=unstable_if action=reinterpret pc=0x00000268a1c41d00 method=java.util.Properties$LineReader.readLine()I @ 256 c2
Event: 8.751 Thread 0x00000268ed8c0bb0 DEOPT PACKING pc=0x00000268a1c41d00 sp=0x00000086e1ffb3c0
Event: 8.751 Thread 0x00000268ed8c0bb0 DEOPT UNPACKING pc=0x00000268a1423aa2 sp=0x00000086e1ffb358 mode 2
Event: 8.766 Thread 0x00000268ed8c0bb0 Uncommon trap: trap_request=0xffffff45 fr.pc=0x00000268a1b58aa0 relative=0x0000000000000660
Event: 8.766 Thread 0x00000268ed8c0bb0 Uncommon trap: reason=unstable_if action=reinterpret pc=0x00000268a1b58aa0 method=java.lang.String.replace(Ljava/lang/CharSequence;Ljava/lang/CharSequence;)Ljava/lang/String; @ 42 c2
Event: 8.766 Thread 0x00000268ed8c0bb0 DEOPT PACKING pc=0x00000268a1b58aa0 sp=0x00000086e1ffb8b0
Event: 8.766 Thread 0x00000268ed8c0bb0 DEOPT UNPACKING pc=0x00000268a1423aa2 sp=0x00000086e1ffb820 mode 2
Event: 9.707 Thread 0x00000268ed8c0bb0 Uncommon trap: trap_request=0xffffff45 fr.pc=0x00000268a1b967c4 relative=0x0000000000000124
Event: 9.707 Thread 0x00000268ed8c0bb0 Uncommon trap: reason=unstable_if action=reinterpret pc=0x00000268a1b967c4 method=jdk.internal.org.objectweb.asm.SymbolTable.put(Ljdk/internal/org/objectweb/asm/SymbolTable$Entry;)Ljdk/internal/org/objectweb/asm/SymbolTable$Entry; @ 13 c2
Event: 9.707 Thread 0x00000268ed8c0bb0 DEOPT PACKING pc=0x00000268a1b967c4 sp=0x00000086e1ffbad0
Event: 9.707 Thread 0x00000268ed8c0bb0 DEOPT UNPACKING pc=0x00000268a1423aa2 sp=0x00000086e1ffba30 mode 2
Event: 9.734 Thread 0x00000268ed8c0bb0 Uncommon trap: trap_request=0xffffff45 fr.pc=0x00000268a1c4a0e8 relative=0x0000000000000388
Event: 9.734 Thread 0x00000268ed8c0bb0 Uncommon trap: reason=unstable_if action=reinterpret pc=0x00000268a1c4a0e8 method=java.lang.Integer.parseInt(Ljava/lang/String;I)I @ 119 c2
Event: 9.734 Thread 0x00000268ed8c0bb0 DEOPT PACKING pc=0x00000268a1c4a0e8 sp=0x00000086e1ffc980
Event: 9.734 Thread 0x00000268ed8c0bb0 DEOPT UNPACKING pc=0x00000268a1423aa2 sp=0x00000086e1ffc8e8 mode 2
Event: 9.754 Thread 0x00000268ed8c0bb0 Uncommon trap: trap_request=0xffffff45 fr.pc=0x00000268a1bf28dc relative=0x000000000000099c
Event: 9.754 Thread 0x00000268ed8c0bb0 Uncommon trap: reason=unstable_if action=reinterpret pc=0x00000268a1bf28dc method=java.io.BufferedInputStream.implRead([BII)I @ 55 c2
Event: 9.754 Thread 0x00000268ed8c0bb0 DEOPT PACKING pc=0x00000268a1bf28dc sp=0x00000086e1ffc490
Event: 9.754 Thread 0x00000268ed8c0bb0 DEOPT UNPACKING pc=0x00000268a1423aa2 sp=0x00000086e1ffc3f8 mode 2

Classes loaded (20 events):
Event: 9.750 Loading class java/security/spec/InvalidParameterSpecException done
Event: 9.750 Loading class java/security/InvalidAlgorithmParameterException
Event: 9.750 Loading class java/security/InvalidAlgorithmParameterException done
Event: 9.750 Loading class java/security/spec/InvalidKeySpecException
Event: 9.750 Loading class java/security/spec/InvalidKeySpecException done
Event: 9.751 Loading class javax/crypto/NoSuchPaddingException
Event: 9.751 Loading class javax/crypto/NoSuchPaddingException done
Event: 9.752 Loading class javax/crypto/spec/PBEKeySpec
Event: 9.753 Loading class javax/crypto/spec/PBEKeySpec done
Event: 9.775 Loading class java/lang/Class$AnnotationData
Event: 9.776 Loading class java/lang/Class$AnnotationData done
Event: 9.778 Loading class jdk/internal/reflect/MethodHandleBooleanFieldAccessorImpl
Event: 9.779 Loading class jdk/internal/reflect/MethodHandleBooleanFieldAccessorImpl done
Event: 9.850 Loading class java/util/concurrent/Executors$DefaultThreadFactory
Event: 9.850 Loading class java/util/concurrent/Executors$DefaultThreadFactory done
Event: 9.896 Loading class java/lang/ProcessHandle
Event: 9.897 Loading class java/lang/ProcessHandle done
Event: 9.898 Loading class java/lang/ProcessHandleImpl
Event: 9.898 Loading class java/lang/ProcessHandleImpl done
Event: 9.909 Loading class java/lang/ProcessHandleImpl$Info

Classes unloaded (7 events):
Event: 7.624 Thread 0x00000268ed8b22c0 Unloading class 0x00000268ac18f400 'java/lang/invoke/LambdaForm$MH+0x00000268ac18f400'
Event: 7.624 Thread 0x00000268ed8b22c0 Unloading class 0x00000268ac18f000 'java/lang/invoke/LambdaForm$MH+0x00000268ac18f000'
Event: 7.624 Thread 0x00000268ed8b22c0 Unloading class 0x00000268ac18ec00 'java/lang/invoke/LambdaForm$MH+0x00000268ac18ec00'
Event: 7.624 Thread 0x00000268ed8b22c0 Unloading class 0x00000268ac18e800 'java/lang/invoke/LambdaForm$MH+0x00000268ac18e800'
Event: 7.624 Thread 0x00000268ed8b22c0 Unloading class 0x00000268ac18e400 'java/lang/invoke/LambdaForm$BMH+0x00000268ac18e400'
Event: 7.624 Thread 0x00000268ed8b22c0 Unloading class 0x00000268ac18e000 'java/lang/invoke/LambdaForm$DMH+0x00000268ac18e000'
Event: 7.624 Thread 0x00000268ed8b22c0 Unloading class 0x00000268ac18cc00 'java/lang/invoke/LambdaForm$DMH+0x00000268ac18cc00'

Classes redefined (0 events):
No events

Internal exceptions (20 events):
Event: 7.916 Thread 0x00000268ed8c0bb0 Exception <a 'sun/nio/fs/WindowsException'{0x00000000eaf76418}> (0x00000000eaf76418) 
thrown [s\src\hotspot\share\prims\jni.cpp, line 520]
Event: 7.917 Thread 0x00000268ed8c0bb0 Exception <a 'sun/nio/fs/WindowsException'{0x00000000eaf7a020}> (0x00000000eaf7a020) 
thrown [s\src\hotspot\share\prims\jni.cpp, line 520]
Event: 7.954 Thread 0x00000268ed8c0bb0 Exception <a 'java/lang/NoSuchMethodError'{0x00000000eb021838}: 'java.lang.Object java.lang.invoke.DirectMethodHandle$Holder.invokeStaticInit(java.lang.Object, int)'> (0x00000000eb021838) 
thrown [s\src\hotspot\share\interpreter\linkResolver.cpp, line 773]
Event: 7.969 Thread 0x00000268ed8c0bb0 Exception <a 'sun/nio/fs/WindowsException'{0x00000000eb05ccd8}> (0x00000000eb05ccd8) 
thrown [s\src\hotspot\share\prims\jni.cpp, line 520]
Event: 8.052 Thread 0x00000268ed8c0bb0 Exception <a 'java/lang/NoSuchMethodError'{0x00000000eb14d500}: 'java.lang.Object java.lang.invoke.DirectMethodHandle$Holder.invokeStaticInit(java.lang.Object, int, int, int, int)'> (0x00000000eb14d500) 
thrown [s\src\hotspot\share\interpreter\linkResolver.cpp, line 773]
Event: 8.140 Thread 0x00000268ed8c0bb0 Exception <a 'java/lang/NoSuchMethodError'{0x00000000eb201518}: 'java.lang.Object java.lang.invoke.DirectMethodHandle$Holder.invokeStaticInit(java.lang.Object, java.lang.Object, int, int, int, int)'> (0x00000000eb201518) 
thrown [s\src\hotspot\share\interpreter\linkResolver.cpp, line 773]
Event: 8.323 Thread 0x00000268ed8c0bb0 Exception <a 'sun/nio/fs/WindowsException'{0x00000000eb50d588}> (0x00000000eb50d588) 
thrown [s\src\hotspot\share\prims\jni.cpp, line 520]
Event: 8.325 Thread 0x00000268ed8c0bb0 Exception <a 'sun/nio/fs/WindowsException'{0x00000000eb51ca90}> (0x00000000eb51ca90) 
thrown [s\src\hotspot\share\prims\jni.cpp, line 520]
Event: 8.488 Thread 0x00000268ed8c0bb0 Exception <a 'java/lang/ClassNotFoundException'{0x00000000eb7d4fe0}: com/sun/org/apache/xml/internal/serializer/spi/XMLEntitiesProvider> (0x00000000eb7d4fe0) 
thrown [s\src\hotspot\share\classfile\systemDictionary.cpp, line 312]
Event: 8.699 Thread 0x00000268ed8c0bb0 Exception <a 'java/io/FileNotFoundException'{0x00000000ebb76b48}> (0x00000000ebb76b48) 
thrown [s\src\hotspot\share\prims\jni.cpp, line 520]
Event: 9.721 Thread 0x00000268ed8c0bb0 Exception <a 'java/lang/UnsatisfiedLinkError'{0x00000000ebede9c8}: The specified procedure could not be found.
> (0x00000000ebede9c8) 
thrown [s\src\hotspot\share\prims\jni.cpp, line 539]
Event: 9.733 Thread 0x00000268ed8c0bb0 Exception <a 'java/io/FileNotFoundException'{0x00000000ebf03f50}> (0x00000000ebf03f50) 
thrown [s\src\hotspot\share\prims\jni.cpp, line 520]
Event: 9.780 Thread 0x00000268ed8c0bb0 Exception <a 'java/lang/NoSuchMethodError'{0x00000000ec016680}: 'void java.lang.invoke.DirectMethodHandle$Holder.invokeSpecial(java.lang.Object, java.lang.Object, java.lang.Object, int)'> (0x00000000ec016680) 
thrown [s\src\hotspot\share\interpreter\linkResolver.cpp, line 773]
Event: 9.781 Thread 0x00000268ed8c0bb0 Exception <a 'java/lang/NoSuchMethodError'{0x00000000ec019d60}: 'void java.lang.invoke.DelegatingMethodHandle$Holder.reinvoke_L(java.lang.Object, java.lang.Object, int)'> (0x00000000ec019d60) 
thrown [s\src\hotspot\share\interpreter\linkResolver.cpp, line 773]
Event: 9.782 Thread 0x00000268ed8c0bb0 Exception <a 'java/lang/NoSuchMethodError'{0x00000000ec020798}: 'int java.lang.invoke.Invokers$Holder.invokeExact_MT(java.lang.Object, java.lang.Object, java.lang.Object)'> (0x00000000ec020798) 
thrown [s\src\hotspot\share\interpreter\linkResolver.cpp, line 773]
Event: 9.788 Thread 0x00000268ed8c0bb0 Exception <a 'java/lang/UnsatisfiedLinkError'{0x00000000ec0342c8}: The specified procedure could not be found.
> (0x00000000ec0342c8) 
thrown [s\src\hotspot\share\prims\jni.cpp, line 539]
Event: 9.801 Thread 0x00000268ed8c0bb0 Exception <a 'java/lang/NoSuchMethodError'{0x00000000ec040290}: 'void java.lang.invoke.Invokers$Holder.invokeExact_MT(java.lang.Object, java.lang.Object, int, java.lang.Object)'> (0x00000000ec040290) 
thrown [s\src\hotspot\share\interpreter\linkResolver.cpp, line 773]
Event: 9.902 Thread 0x0000026896d96510 Exception <a 'java/lang/NoSuchMethodError'{0x00000000eab94580}: 'java.lang.Object java.lang.invoke.DirectMethodHandle$Holder.invokeStatic(java.lang.Object, long, java.lang.Object)'> (0x00000000eab94580) 
thrown [s\src\hotspot\share\interpreter\linkResolver.cpp, line 773]
Event: 9.904 Thread 0x0000026896d96510 Exception <a 'java/lang/NoSuchMethodError'{0x00000000eab97c18}: 'java.lang.Object java.lang.invoke.DirectMethodHandle$Holder.invokeStaticInit(java.lang.Object, long, java.lang.Object)'> (0x00000000eab97c18) 
thrown [s\src\hotspot\share\interpreter\linkResolver.cpp, line 773]
Event: 9.908 Thread 0x0000026896d96510 Exception <a 'java/lang/NoSuchMethodError'{0x00000000eab9d3a8}: 'java.lang.Object java.lang.invoke.DirectMethodHandle$Holder.newInvokeSpecial(java.lang.Object, long)'> (0x00000000eab9d3a8) 
thrown [s\src\hotspot\share\interpreter\linkResolver.cpp, line 773]

ZGC Phase Switch (0 events):
No events

VM Operations (20 events):
Event: 7.598 Executing VM operation: CollectForMetadataAllocation (Metadata GC Threshold)
Event: 7.671 Executing VM operation: CollectForMetadataAllocation (Metadata GC Threshold) done
Event: 7.697 Executing VM operation: HandshakeAllThreads (Deoptimize)
Event: 7.697 Executing VM operation: HandshakeAllThreads (Deoptimize) done
Event: 7.897 Executing VM operation: HandshakeAllThreads (Deoptimize)
Event: 7.897 Executing VM operation: HandshakeAllThreads (Deoptimize) done
Event: 8.167 Executing VM operation: HandshakeAllThreads (Deoptimize)
Event: 8.167 Executing VM operation: HandshakeAllThreads (Deoptimize) done
Event: 8.169 Executing VM operation: HandshakeAllThreads (Deoptimize)
Event: 8.169 Executing VM operation: HandshakeAllThreads (Deoptimize) done
Event: 8.567 Executing VM operation: HandshakeAllThreads (Deoptimize)
Event: 8.567 Executing VM operation: HandshakeAllThreads (Deoptimize) done
Event: 8.649 Executing VM operation: HandshakeAllThreads (Deoptimize)
Event: 8.649 Executing VM operation: HandshakeAllThreads (Deoptimize) done
Event: 9.653 Executing VM operation: Cleanup
Event: 9.654 Executing VM operation: Cleanup done
Event: 9.689 Executing VM operation: HandshakeAllThreads (Deoptimize)
Event: 9.689 Executing VM operation: HandshakeAllThreads (Deoptimize) done
Event: 9.880 Executing VM operation: ParallelGCFailedAllocation (Allocation Failure)
Event: 9.888 Executing VM operation: ParallelGCFailedAllocation (Allocation Failure) done

Memory protections (0 events):
No events

Nmethod flushes (0 events):
No events

Events (20 events):
Event: 4.365 Thread 0x0000026896d96510 Thread added: 0x00000268ed8c1f60
Event: 4.413 Thread 0x0000026896d96510 Thread added: 0x00000268ed8c0bb0
Event: 4.517 Thread 0x00000268ed8c0bb0 Thread added: 0x00000268ed8bf800
Event: 4.572 Thread 0x00000268ed8e5540 Thread exited: 0x00000268ed8e5540
Event: 4.763 Thread 0x00000268ed8c0bb0 Thread added: 0x00000268f3999820
Event: 4.908 Thread 0x00000268ed8e7e20 Thread added: 0x00000268ed8e47a0
Event: 5.372 Thread 0x00000268ed8c0bb0 Thread added: 0x00000268f3999eb0
Event: 6.041 Thread 0x00000268ed8e47a0 Thread exited: 0x00000268ed8e47a0
Event: 6.089 Thread 0x00000268ed8c0bb0 Thread added: 0x00000268f399a540
Event: 6.136 Thread 0x00000268ed8c0bb0 Thread added: 0x00000268f399abd0
Event: 6.236 Thread 0x00000268ed8e7080 Thread added: 0x00000268ed8e5540
Event: 6.814 Thread 0x00000268ed8e5540 Thread exited: 0x00000268ed8e5540
Event: 7.241 Thread 0x00000268ed8d5ef0 Thread added: 0x00000268ed8e5540
Event: 7.768 Thread 0x00000268ed8c0bb0 Thread added: 0x00000268f3998b00
Event: 7.991 Thread 0x00000268f3998b00 Thread exited: 0x00000268f3998b00
Event: 8.695 Thread 0x00000268ed8e5540 Thread exited: 0x00000268ed8e5540
Event: 9.678 Thread 0x00000268ed8e7e20 Thread exited: 0x00000268ed8e7e20
Event: 9.703 Thread 0x00000268ed8c0bb0 Thread added: 0x00000268f3998b00
Event: 9.707 Thread 0x00000268ed8e7080 Thread exited: 0x00000268ed8e7080
Event: 9.711 Thread 0x00000268ed8e7750 Thread exited: 0x00000268ed8e7750


Dynamic libraries:
0x00007ff615aa0000 - 0x00007ff615aae000 	c:\Users\PC\.vscode\extensions\redhat.java-1.42.0-win32-x64\jre\21.0.7-win32-x86_64\bin\java.exe
0x00007ff850ae0000 - 0x00007ff850d43000 	C:\WINDOWS\SYSTEM32\ntdll.dll
0x00007ff850150000 - 0x00007ff850217000 	C:\WINDOWS\System32\KERNEL32.DLL
0x00007ff84de20000 - 0x00007ff84e1e9000 	C:\WINDOWS\System32\KERNELBASE.dll
0x00007ff84e640000 - 0x00007ff84e78c000 	C:\WINDOWS\System32\ucrtbase.dll
0x00007ff838b70000 - 0x00007ff838b8e000 	c:\Users\PC\.vscode\extensions\redhat.java-1.42.0-win32-x64\jre\21.0.7-win32-x86_64\bin\VCRUNTIME140.dll
0x00007ff839c10000 - 0x00007ff839c28000 	c:\Users\PC\.vscode\extensions\redhat.java-1.42.0-win32-x64\jre\21.0.7-win32-x86_64\bin\jli.dll
0x00007ff84fc00000 - 0x00007ff84fdca000 	C:\WINDOWS\System32\USER32.dll
0x00007ff84e550000 - 0x00007ff84e577000 	C:\WINDOWS\System32\win32u.dll
0x00007ff850230000 - 0x00007ff85025a000 	C:\WINDOWS\System32\GDI32.dll
0x00007ff84dce0000 - 0x00007ff84de11000 	C:\WINDOWS\System32\gdi32full.dll
0x00007ff84e290000 - 0x00007ff84e333000 	C:\WINDOWS\System32\msvcp_win.dll
0x00007ff8331b0000 - 0x00007ff833440000 	C:\WINDOWS\WinSxS\amd64_microsoft.windows.common-controls_6595b64144ccf1df_6.0.26100.3323_none_3e088096e3344490\COMCTL32.dll
0x00007ff84ec30000 - 0x00007ff84ecd9000 	C:\WINDOWS\System32\msvcrt.dll
0x00007ff84ffb0000 - 0x00007ff84ffdf000 	C:\WINDOWS\System32\IMM32.DLL
0x00007ff847e80000 - 0x00007ff847e8c000 	c:\Users\PC\.vscode\extensions\redhat.java-1.42.0-win32-x64\jre\21.0.7-win32-x86_64\bin\vcruntime140_1.dll
0x00007ff810580000 - 0x00007ff81060d000 	c:\Users\PC\.vscode\extensions\redhat.java-1.42.0-win32-x64\jre\21.0.7-win32-x86_64\bin\msvcp140.dll
0x00007fff97500000 - 0x00007fff98290000 	c:\Users\PC\.vscode\extensions\redhat.java-1.42.0-win32-x64\jre\21.0.7-win32-x86_64\bin\server\jvm.dll
0x00007ff84eb70000 - 0x00007ff84ec22000 	C:\WINDOWS\System32\ADVAPI32.dll
0x00007ff84ece0000 - 0x00007ff84ed86000 	C:\WINDOWS\System32\sechost.dll
0x00007ff84f310000 - 0x00007ff84f426000 	C:\WINDOWS\System32\RPCRT4.dll
0x00007ff84f290000 - 0x00007ff84f304000 	C:\WINDOWS\System32\WS2_32.dll
0x00007ff84c930000 - 0x00007ff84c97e000 	C:\WINDOWS\SYSTEM32\POWRPROF.dll
0x00007ff841930000 - 0x00007ff841966000 	C:\WINDOWS\SYSTEM32\WINMM.dll
0x00007ff83b640000 - 0x00007ff83b64b000 	C:\WINDOWS\SYSTEM32\VERSION.dll
0x00007ff84c910000 - 0x00007ff84c924000 	C:\WINDOWS\SYSTEM32\UMPDC.dll
0x00007ff84cbd0000 - 0x00007ff84cbea000 	C:\WINDOWS\SYSTEM32\kernel.appcore.dll
0x00007ff83a540000 - 0x00007ff83a54a000 	c:\Users\PC\.vscode\extensions\redhat.java-1.42.0-win32-x64\jre\21.0.7-win32-x86_64\bin\jimage.dll
0x00007ff84b220000 - 0x00007ff84b461000 	C:\WINDOWS\SYSTEM32\DBGHELP.DLL
0x00007ff84ed90000 - 0x00007ff84f112000 	C:\WINDOWS\System32\combase.dll
0x00007ff84f950000 - 0x00007ff84fa26000 	C:\WINDOWS\System32\OLEAUT32.dll
0x00007ff83b600000 - 0x00007ff83b639000 	C:\WINDOWS\SYSTEM32\dbgcore.DLL
0x00007ff84e1f0000 - 0x00007ff84e289000 	C:\WINDOWS\System32\bcryptPrimitives.dll
0x00007ff839840000 - 0x00007ff83984f000 	c:\Users\PC\.vscode\extensions\redhat.java-1.42.0-win32-x64\jre\21.0.7-win32-x86_64\bin\instrument.dll
0x00007ff831de0000 - 0x00007ff831dff000 	c:\Users\PC\.vscode\extensions\redhat.java-1.42.0-win32-x64\jre\21.0.7-win32-x86_64\bin\java.dll
0x00007ff850260000 - 0x00007ff850975000 	C:\WINDOWS\System32\SHELL32.dll
0x00007ff84e790000 - 0x00007ff84e8f8000 	C:\WINDOWS\System32\wintypes.dll
0x00007ff84b9a0000 - 0x00007ff84c1e5000 	C:\WINDOWS\SYSTEM32\windows.storage.dll
0x00007ff84f120000 - 0x00007ff84f20b000 	C:\WINDOWS\System32\SHCORE.dll
0x00007ff850a40000 - 0x00007ff850a9d000 	C:\WINDOWS\System32\shlwapi.dll
0x00007ff84dbf0000 - 0x00007ff84dc1f000 	C:\WINDOWS\SYSTEM32\profapi.dll
0x00007ff82ff20000 - 0x00007ff82ff38000 	c:\Users\PC\.vscode\extensions\redhat.java-1.42.0-win32-x64\jre\21.0.7-win32-x86_64\bin\zip.dll
0x00007ff839810000 - 0x00007ff839820000 	C:\Users\PC\.vscode\extensions\redhat.java-1.42.0-win32-x64\jre\21.0.7-win32-x86_64\bin\net.dll
0x00007ff8452e0000 - 0x00007ff8453fe000 	C:\WINDOWS\SYSTEM32\WINHTTP.dll
0x00007ff84d0d0000 - 0x00007ff84d13a000 	C:\WINDOWS\system32\mswsock.dll
0x00007ff82fea0000 - 0x00007ff82feb6000 	C:\Users\PC\.vscode\extensions\redhat.java-1.42.0-win32-x64\jre\21.0.7-win32-x86_64\bin\nio.dll
0x00007ff838fd0000 - 0x00007ff838fe0000 	c:\Users\PC\.vscode\extensions\redhat.java-1.42.0-win32-x64\jre\21.0.7-win32-x86_64\bin\verify.dll
0x00007ff810cc0000 - 0x00007ff810d05000 	C:\Users\PC\AppData\Roaming\Code\User\globalStorage\redhat.java\1.42.0\config_ss_win\org.eclipse.equinox.launcher\org.eclipse.equinox.launcher.win32.win32.x86_64_1.2.1300.v20250331-1702\eclipse_11911.dll
0x00007ff84fa30000 - 0x00007ff84fbc5000 	C:\WINDOWS\System32\ole32.dll
0x00007ff8461f0000 - 0x00007ff8461fa000 	C:\Users\PC\.vscode\extensions\redhat.java-1.42.0-win32-x64\jre\21.0.7-win32-x86_64\bin\management.dll
0x00007ff8461e0000 - 0x00007ff8461eb000 	C:\Users\PC\.vscode\extensions\redhat.java-1.42.0-win32-x64\jre\21.0.7-win32-x86_64\bin\management_ext.dll
0x00007ff850980000 - 0x00007ff850988000 	C:\WINDOWS\System32\PSAPI.DLL
0x00007ff84d480000 - 0x00007ff84d49c000 	C:\WINDOWS\SYSTEM32\CRYPTSP.dll
0x00007ff84cb30000 - 0x00007ff84cb6a000 	C:\WINDOWS\system32\rsaenh.dll
0x00007ff84d170000 - 0x00007ff84d19b000 	C:\WINDOWS\SYSTEM32\USERENV.dll
0x00007ff84d610000 - 0x00007ff84d636000 	C:\WINDOWS\SYSTEM32\bcrypt.dll
0x00007ff84d300000 - 0x00007ff84d30c000 	C:\WINDOWS\SYSTEM32\CRYPTBASE.dll
0x00007ff84c620000 - 0x00007ff84c653000 	C:\WINDOWS\SYSTEM32\IPHLPAPI.DLL
0x00007ff84eb60000 - 0x00007ff84eb6a000 	C:\WINDOWS\System32\NSI.dll
0x00007ff8106b0000 - 0x00007ff8106f9000 	C:\Users\PC\AppData\Local\Temp\jna-2547\jna35396393297321077.dll
0x00007ff845560000 - 0x00007ff84557f000 	C:\WINDOWS\SYSTEM32\dhcpcsvc6.DLL
0x00007ff8454f0000 - 0x00007ff845515000 	C:\WINDOWS\SYSTEM32\dhcpcsvc.DLL

dbghelp: loaded successfully - version: 4.0.5 - missing functions: none
symbol engine: initialized successfully - sym options: 0x614 - pdb path: .;c:\Users\PC\.vscode\extensions\redhat.java-1.42.0-win32-x64\jre\21.0.7-win32-x86_64\bin;C:\WINDOWS\SYSTEM32;C:\WINDOWS\WinSxS\amd64_microsoft.windows.common-controls_6595b64144ccf1df_6.0.26100.3323_none_3e088096e3344490;c:\Users\PC\.vscode\extensions\redhat.java-1.42.0-win32-x64\jre\21.0.7-win32-x86_64\bin\server;C:\Users\PC\AppData\Roaming\Code\User\globalStorage\redhat.java\1.42.0\config_ss_win\org.eclipse.equinox.launcher\org.eclipse.equinox.launcher.win32.win32.x86_64_1.2.1300.v20250331-1702;C:\Users\PC\AppData\Local\Temp\jna-2547

VM Arguments:
jvm_args: --add-modules=ALL-SYSTEM --add-opens=java.base/java.util=ALL-UNNAMED --add-opens=java.base/java.lang=ALL-UNNAMED --add-opens=java.base/sun.nio.fs=ALL-UNNAMED -Declipse.application=org.eclipse.jdt.ls.core.id1 -Dosgi.bundles.defaultStartLevel=4 -Declipse.product=org.eclipse.jdt.ls.core.product -Djava.import.generatesMetadataFilesAtProjectRoot=false -DDetectVMInstallationsJob.disabled=true -Dfile.encoding=utf8 -XX:+UseParallelGC -XX:GCTimeRatio=4 -XX:AdaptiveSizePolicyWeight=90 -Dsun.zip.disableMemoryMapping=true -Xmx1G -Xms100m -Xlog:disable -javaagent:c:\Users\PC\.vscode\extensions\redhat.java-1.42.0-win32-x64\lombok\lombok-1.18.36.jar 
java_command: c:\Users\PC\.vscode\extensions\redhat.java-1.42.0-win32-x64\server\plugins\org.eclipse.equinox.launcher_1.7.0.v20250424-1814.jar -configuration c:\Users\PC\AppData\Roaming\Code\User\globalStorage\redhat.java\1.42.0\config_ss_win -data c:\Users\PC\AppData\Roaming\Code\User\workspaceStorage\8fd02a71971e5093be23625b1f244b61\redhat.java\ss_ws --pipe=\\.\pipe\lsp-f0be90b9c5599fee022a806eda172c0a-sock
java_class_path (initial): c:\Users\PC\.vscode\extensions\redhat.java-1.42.0-win32-x64\server\plugins\org.eclipse.equinox.launcher_1.7.0.v20250424-1814.jar
Launcher Type: SUN_STANDARD

[Global flags]
    uintx AdaptiveSizePolicyWeight                 = 90                                        {product} {command line}
     intx CICompilerCount                          = 12                                        {product} {ergonomic}
    uintx GCTimeRatio                              = 4                                         {product} {command line}
   size_t InitialHeapSize                          = 104857600                                 {product} {command line}
   size_t MaxHeapSize                              = 1073741824                                {product} {command line}
   size_t MaxNewSize                               = 357564416                                 {product} {ergonomic}
   size_t MinHeapDeltaBytes                        = 524288                                    {product} {ergonomic}
   size_t MinHeapSize                              = 104857600                                 {product} {command line}
   size_t NewSize                                  = 34603008                                  {product} {ergonomic}
    uintx NonNMethodCodeHeapSize                   = 7602480                                {pd product} {ergonomic}
    uintx NonProfiledCodeHeapSize                  = 122027880                              {pd product} {ergonomic}
   size_t OldSize                                  = 70254592                                  {product} {ergonomic}
    uintx ProfiledCodeHeapSize                     = 122027880                              {pd product} {ergonomic}
    uintx ReservedCodeCacheSize                    = 251658240                              {pd product} {ergonomic}
     bool SegmentedCodeCache                       = true                                      {product} {ergonomic}
   size_t SoftMaxHeapSize                          = 1073741824                             {manageable} {ergonomic}
     bool UseCompressedOops                        = true                           {product lp64_product} {ergonomic}
     bool UseLargePagesIndividualAllocation        = false                                  {pd product} {ergonomic}
     bool UseParallelGC                            = true                                      {product} {command line}

Logging:
Log output configuration:
 #0: stdout all=off uptime,level,tags foldmultilines=false
 #1: stderr all=off uptime,level,tags foldmultilines=false

Environment Variables:
JAVA_HOME=C:\Program Files\Java\jdk-17.0.14
PATH=C:\Python313\Scripts\;C:\Python313\;C:\Program Files (x86)\VMware\VMware Workstation\bin\;C:\Users\PC\Downloads\db_home\bin;C:\Program Files\Common Files\Oracle\Java\javapath;C:\Program Files\Eclipse Adoptium\jdk-21.0.4.7-hotspot\bin;C:\WINDOWS\system32;C:\WINDOWS;C:\WINDOWS\System32\Wbem;C:\WINDOWS\System32\WindowsPowerShell\v1.0\;C:\WINDOWS\System32\OpenSSH\;C:\Program Files\Git\cmd;C:\Users\PC\AppData\Roaming\nvm;C:\Program Files\nodejs;C:\Program Files\dotnet\;C:\Program Files\Devart\EntityDeveloper\Console;%JAVA_HOME%\bin;C:\apache-maven\maven-mvnd-1.0.2-windows-amd64\bin;;C:\Program Files\Docker\Docker\resources\bin;C:\Program Files\nodejs\;C:\ProgramData\chocolatey\bin;C:\Users\PC\appdata\local\android\sdk\platform-tools;C:\Users\PC\appdata\local\android\sdk\tools;C:\Users\PC\AppData\Local\jdk-11.0.2\bin;C:\Users\PC\AppData\Local\Programs\Python\Python312\Scripts\;C:\Users\PC\AppData\Local\Programs\Python\Python312\;C:\Users\PC\AppData\Local\Microsoft\WindowsApps;C:\Users\PC\AppData\Local\Programs\Microsoft VS Code\bin;C:\msys64\ucrt64\bin;C:\Users\PC\AppData\Roaming\nvm;C:\Program Files\nodejs;C:\Users\PC\.dotnet\tools;C:\Program Files\Devart\EntityDeveloper\Console;C:\Program Files\JetBrains\IntelliJ IDEA 2024.3.1\bin;;C:\Users\PC\AppData\Local\GitHubDesktop\bin;C:\Users\PC\Downloads\sqlite-tools-win-x64-3470200;;C:\Program Files\JetBrains\IntelliJ IDEA Community Edition 2024.3.5\bin;;C:\Users\PC\AppData\Local\Microsoft\WinGet\Links;C:\Users\PC\AppData\Roaming\npm
USERNAME=PC
OS=Windows_NT
PROCESSOR_IDENTIFIER=Intel64 Family 6 Model 154 Stepping 3, GenuineIntel
TMP=C:\Users\PC\AppData\Local\Temp
TEMP=C:\Users\PC\AppData\Local\Temp




Periodic native trim disabled

---------------  S Y S T E M  ---------------

OS:
 Windows 11 , 64 bit Build 26100 (10.0.26100.3323)
OS uptime: 6 days 18:30 hours
Hyper-V role detected

CPU: total 16 (initial active 16) (8 cores per cpu, 2 threads per core) family 6 model 154 stepping 3 microcode 0x435, cx8, cmov, fxsr, ht, mmx, 3dnowpref, sse, sse2, sse3, ssse3, sse4.1, sse4.2, popcnt, lzcnt, tsc, tscinvbit, avx, avx2, aes, erms, clmul, bmi1, bmi2, adx, sha, fma, vzeroupper, clflush, clflushopt, clwb, hv, serialize, rdtscp, rdpid, fsrm, f16c, cet_ibt, cet_ss
Processor Information for processor 0
  Max Mhz: 2100, Current Mhz: 1696, Mhz Limit: 1680
Processor Information for processor 1
  Max Mhz: 2100, Current Mhz: 1696, Mhz Limit: 1680
Processor Information for processor 2
  Max Mhz: 2100, Current Mhz: 1696, Mhz Limit: 1680
Processor Information for processor 3
  Max Mhz: 2100, Current Mhz: 1696, Mhz Limit: 1680
Processor Information for processor 4
  Max Mhz: 2100, Current Mhz: 1696, Mhz Limit: 1680
Processor Information for processor 5
  Max Mhz: 2100, Current Mhz: 1696, Mhz Limit: 1680
Processor Information for processor 6
  Max Mhz: 2100, Current Mhz: 1696, Mhz Limit: 1680
Processor Information for processor 7
  Max Mhz: 2100, Current Mhz: 1696, Mhz Limit: 1680
Processor Information for processor 8
  Max Mhz: 2100, Current Mhz: 1200, Mhz Limit: 1197
Processor Information for processor 9
  Max Mhz: 2100, Current Mhz: 1200, Mhz Limit: 1197
Processor Information for processor 10
  Max Mhz: 2100, Current Mhz: 1200, Mhz Limit: 1197
Processor Information for processor 11
  Max Mhz: 2100, Current Mhz: 1200, Mhz Limit: 1197
Processor Information for processor 12
  Max Mhz: 2100, Current Mhz: 1200, Mhz Limit: 1197
Processor Information for processor 13
  Max Mhz: 2100, Current Mhz: 1200, Mhz Limit: 1197
Processor Information for processor 14
  Max Mhz: 2100, Current Mhz: 1200, Mhz Limit: 1197
Processor Information for processor 15
  Max Mhz: 2100, Current Mhz: 1200, Mhz Limit: 1197

Memory: 4k page, system-wide physical 16083M (558M free)
TotalPageFile size 33806M (AvailPageFile size 3M)
current process WorkingSet (physical memory assigned to process): 152M, peak: 155M
current process commit charge ("private bytes"): 267M, peak: 270M

vm_info: OpenJDK 64-Bit Server VM (21.0.7+6-LTS) for windows-amd64 JRE (21.0.7+6-LTS), built on 2025-04-15T00:00:00Z by "admin" with MS VC++ 17.7 (VS2022)

END.
